<?xml version="1.0" encoding="UTF-8"?>
<testsuite xmlns:xsi="http://www.w3.org/2001/XMLSchema-instance" xsi:noNamespaceSchemaLocation="https://maven.apache.org/surefire/maven-surefire-plugin/xsd/surefire-test-report-3.0.xsd" version="3.0" name="com.bjtu.simulation.controller.SimulationApiIntegrationTest" time="10.526" tests="12" errors="0" skipped="0" failures="0">
  <properties>
[...]
</properties>
  <testcase name="asyncRunShouldReturnTaskStatusAndEventuallyProduceReport" classname="com.bjtu.simulation.controller.SimulationApiIntegrationTest" time="4.783">
    <system-out><![CDATA[17:06:42.100 [main] INFO org.springframework.test.context.support.AnnotationConfigContextLoaderUtils -- Could not detect default configuration classes for test class [com.bjtu.simulation.controller.SimulationApiIntegrationTest]: SimulationApiIntegrationTest does not declare any static, non-private, non-final, nested classes annotated with @Configuration.
17:06:42.292 [main] INFO org.springframework.boot.test.context.SpringBootTestContextBootstrapper -- Found @SpringBootConfiguration com.bjtu.simulation.SimulationApplication for test class com.bjtu.simulation.controller.SimulationApiIntegrationTest

  .   ____          _            __ _ _
 /\\ / ___'_ __ _ _(_)_ __  __ _ \ \ \ \
( ( )\___ | '_ | '_| | '_ \/ _` | \ \ \ \
 \\/  ___)| |_)| | | | | || (_| |  ) ) ) )
  '  |____| .__|_| |_|_| |_\__, | / / / /
 =========|_|==============|___/=/_/_/_/

 :: Spring Boot ::                (v3.3.4)

2026-05-12T17:06:43.178+08:00  INFO 29224 --- [           main] c.b.s.c.SimulationApiIntegrationTest     : Starting SimulationApiIntegrationTest using Java 21.0.8 with PID 29224 (started by 34062 in D:\desktop\stu\software\src_24281231)
2026-05-12T17:06:43.182+08:00  INFO 29224 --- [           main] c.b.s.c.SimulationApiIntegrationTest     : No active profile set, falling back to 1 default profile: "default"
2026-05-12T17:06:44.840+08:00  INFO 29224 --- [           main] o.s.b.a.w.s.WelcomePageHandlerMapping    : Adding welcome page: class path resource [static/index.html]
2026-05-12T17:06:45.400+08:00  INFO 29224 --- [           main] o.s.b.t.m.w.SpringBootMockServletContext : Initializing Spring TestDispatcherServlet ''
2026-05-12T17:06:45.401+08:00  INFO 29224 --- [           main] o.s.t.web.servlet.TestDispatcherServlet  : Initializing Servlet ''
2026-05-12T17:06:45.405+08:00  INFO 29224 --- [           main] o.s.t.web.servlet.TestDispatcherServlet  : Completed initialization in 1 ms
2026-05-12T17:06:45.477+08:00  INFO 29224 --- [           main] c.b.s.c.SimulationApiIntegrationTest     : Started SimulationApiIntegrationTest in 2.771 seconds (process running for 4.499)
]]></system-out>
    <system-err><![CDATA[WARNING: A Java agent has been loaded dynamically (C:\Users\CodexSandboxOffline\.m2\repository\net\bytebuddy\byte-buddy-agent\1.14.19\byte-buddy-agent-1.14.19.jar)
WARNING: If a serviceability tool is in use, please run with -XX:+EnableDynamicAgentLoading to hide this warning
WARNING: If a serviceability tool is not in use, please run with -Djdk.instrument.traceUsage for more information
WARNING: Dynamic loading of agents will be disallowed by default in a future release
]]></system-err>
  </testcase>
  <testcase name="validRunShouldReturnWrappedReport" classname="com.bjtu.simulation.controller.SimulationApiIntegrationTest" time="0.096"/>
  <testcase name="fullReportShouldOmitHistoryByDefaultAndReturnItWhenRequested" classname="com.bjtu.simulation.controller.SimulationApiIntegrationTest" time="0.385"/>
  <testcase name="thousandStudentRunShouldReturnLightweightReport" classname="com.bjtu.simulation.controller.SimulationApiIntegrationTest" time="0.354"/>
  <testcase name="reportTimelineAndHistoryShouldSupportPagination" classname="com.bjtu.simulation.controller.SimulationApiIntegrationTest" time="0.279"/>
  <testcase name="reportPageEndpointShouldRejectInvalidPagination" classname="com.bjtu.simulation.controller.SimulationApiIntegrationTest" time="0.041"/>
  <testcase name="reportListShouldReturnWrappedHistoryRecords" classname="com.bjtu.simulation.controller.SimulationApiIntegrationTest" time="0.658"/>
  <testcase name="invalidPackProbabilityShouldReturn400Envelope" classname="com.bjtu.simulation.controller.SimulationApiIntegrationTest" time="0.043"/>
  <testcase name="staticFrontendEntryShouldBeServed" classname="com.bjtu.simulation.controller.SimulationApiIntegrationTest" time="0.051"/>
  <testcase name="snakeCaseRequestShouldBeAccepted" classname="com.bjtu.simulation.controller.SimulationApiIntegrationTest" time="0.031"/>
  <testcase name="optimizeEndpointShouldRunExplicitBatchWithoutSearching" classname="com.bjtu.simulation.controller.SimulationApiIntegrationTest" time="0.038"/>
  <testcase name="triggerConfigShouldBeIgnoredByStaticSimulationMode" classname="com.bjtu.simulation.controller.SimulationApiIntegrationTest" time="0.032"/>
</testsuite>